{"name": "test_add_product_to_cart", "status": "broken", "statusDetails": {"message": "selenium.common.exceptions.TimeoutException: Message: \nStacktrace:\n0   chromedriver                        0x00000001101c4d98 chromedriver + 5954968\n1   chromedriver                        0x00000001101bc9ca chromedriver + 5921226\n2   chromedriver                        0x000000010fc7c5e0 chromedriver + 415200\n3   chromedriver                        0x000000010fccde1d chromedriver + 749085\n4   chromedriver                        0x000000010fccdfc1 chromedriver + 749505\n5   chromedriver                        0x000000010fd1e104 chromedriver + 1077508\n6   chromedriver                        0x000000010fcf403d chromedriver + 905277\n7   chromedriver                        0x000000010fd1b39e chromedriver + 1065886\n8   chromedriver                        0x000000010fcf3de3 chromedriver + 904675\n9   chromedriver                        0x000000010fcbfc6a chromedriver + 691306\n10  chromedriver                        0x000000010fcc0dc1 chromedriver + 695745\n11  chromedriver                        0x0000000110187e50 chromedriver + 5705296\n12  chromedriver                        0x000000011018bda0 chromedriver + 5721504\n13  chromedriver                        0x0000000110169797 chromedriver + 5580695\n14  chromedriver                        0x000000011018c82b chromedriver + 5724203\n15  chromedriver                        0x0000000110157fc4 chromedriver + 5509060\n16  chromedriver                        0x00000001101ab088 chromedriver + 5849224\n17  chromedriver                        0x00000001101ab24f chromedriver + 5849679\n18  chromedriver                        0x00000001101bc5a8 chromedriver + 5920168\n19  libsystem_pthread.dylib             0x00007fff205218fc _pthread_start + 224\n20  libsystem_pthread.dylib             0x00007fff2051d443 thread_start + 15", "trace": "main_page = <pages.altaivita_main_page.MainPage object at 0x10efe9d30>\ncart_page = <pages.altaivita_cart_page.CartPage object at 0x10f04c980>\n\n    @allure.feature(\"UI Tests\")\n    def test_add_product_to_cart(main_page, cart_page):\n        product_name = \"Гриб Рейши, 60 капсул по 500 мг\"\n        main_page.search_product(product_name)\n        main_page.add_product_to_cart(product_name)\n>       assert cart_page.is_product_in_cart(product_name)\n\ntests/test_cart_ui.py:10: \n_ _ _ _ _ _ _ _ _ _ _ _ _ _ _ _ _ _ _ _ _ _ _ _ _ _ _ _ _ _ _ _ _ _ _ _ _ _ _ _ _ _ _ _ _ _ _ _ _ _ _ _ _ _ _ _ _ _ _ _ _ _ _ _ _ _ _ \npages/altaivita_cart_page.py:12: in is_product_in_cart\n    WebDriverWait(self.driver, 10).until(\n_ _ _ _ _ _ _ _ _ _ _ _ _ _ _ _ _ _ _ _ _ _ _ _ _ _ _ _ _ _ _ _ _ _ _ _ _ _ _ _ _ _ _ _ _ _ _ _ _ _ _ _ _ _ _ _ _ _ _ _ _ _ _ _ _ _ _ \n\nself = <selenium.webdriver.support.wait.WebDriverWait (session=\"7013ea2fe993594d7ef3bfc0c7b9ce8a\")>\nmethod = <function presence_of_element_located.<locals>._predicate at 0x10f11f920>, message = ''\n\n    def until(self, method: Callable[[D], Union[Literal[False], T]], message: str = \"\") -> T:\n        \"\"\"Calls the method provided with the driver as an argument until the \\\n        return value does not evaluate to ``False``.\n    \n        :param method: callable(WebDriver)\n        :param message: optional message for :exc:`TimeoutException`\n        :returns: the result of the last call to `method`\n        :raises: :exc:`selenium.common.exceptions.TimeoutException` if timeout occurs\n        \"\"\"\n        screen = None\n        stacktrace = None\n    \n        end_time = time.monotonic() + self._timeout\n        while True:\n            try:\n                value = method(self._driver)\n                if value:\n                    return value\n            except self._ignored_exceptions as exc:\n                screen = getattr(exc, \"screen\", None)\n                stacktrace = getattr(exc, \"stacktrace\", None)\n            time.sleep(self._poll)\n            if time.monotonic() > end_time:\n                break\n>       raise TimeoutException(message, screen, stacktrace)\nE       selenium.common.exceptions.TimeoutException: Message: \nE       Stacktrace:\nE       0   chromedriver                        0x00000001101c4d98 chromedriver + 5954968\nE       1   chromedriver                        0x00000001101bc9ca chromedriver + 5921226\nE       2   chromedriver                        0x000000010fc7c5e0 chromedriver + 415200\nE       3   chromedriver                        0x000000010fccde1d chromedriver + 749085\nE       4   chromedriver                        0x000000010fccdfc1 chromedriver + 749505\nE       5   chromedriver                        0x000000010fd1e104 chromedriver + 1077508\nE       6   chromedriver                        0x000000010fcf403d chromedriver + 905277\nE       7   chromedriver                        0x000000010fd1b39e chromedriver + 1065886\nE       8   chromedriver                        0x000000010fcf3de3 chromedriver + 904675\nE       9   chromedriver                        0x000000010fcbfc6a chromedriver + 691306\nE       10  chromedriver                        0x000000010fcc0dc1 chromedriver + 695745\nE       11  chromedriver                        0x0000000110187e50 chromedriver + 5705296\nE       12  chromedriver                        0x000000011018bda0 chromedriver + 5721504\nE       13  chromedriver                        0x0000000110169797 chromedriver + 5580695\nE       14  chromedriver                        0x000000011018c82b chromedriver + 5724203\nE       15  chromedriver                        0x0000000110157fc4 chromedriver + 5509060\nE       16  chromedriver                        0x00000001101ab088 chromedriver + 5849224\nE       17  chromedriver                        0x00000001101ab24f chromedriver + 5849679\nE       18  chromedriver                        0x00000001101bc5a8 chromedriver + 5920168\nE       19  libsystem_pthread.dylib             0x00007fff205218fc _pthread_start + 224\nE       20  libsystem_pthread.dylib             0x00007fff2051d443 thread_start + 15\n\n/Library/Frameworks/Python.framework/Versions/3.13/lib/python3.13/site-packages/selenium/webdriver/support/wait.py:105: TimeoutException"}, "start": 1740079924052, "stop": 1740079941532, "uuid": "c9e78c63-749f-4a1b-a14a-9cf7c92d7a03", "historyId": "a9ad7bc8f64e14e8aab9e69ea3f659ed", "testCaseId": "a9ad7bc8f64e14e8aab9e69ea3f659ed", "fullName": "tests.test_cart_ui#test_add_product_to_cart", "labels": [{"name": "feature", "value": "UI Tests"}, {"name": "parentSuite", "value": "tests"}, {"name": "suite", "value": "test_cart_ui"}, {"name": "host", "value": "MacBookPro.local"}, {"name": "thread", "value": "53634-MainThread"}, {"name": "framework", "value": "pytest"}, {"name": "language", "value": "cpython3"}, {"name": "package", "value": "tests.test_cart_ui"}]}